[2023-03-28 10:14:14] START
[2023-03-28 10:32:50] CREATE basics.py: 0
[2023-03-28 10:37:02] EDIT blog/controllers/basics.py: 3
[2023-03-28 10:42:19] CREATE basicshelloworld.html: 0
[2023-03-28 10:48:03] EDIT blog/views/basicshelloworld.html: 2
[2023-03-28 10:54:27] EDIT blog/views/basicshelloworld.html: 0
[2023-03-28 11:07:18] DELETE blog/views/basicshelloworld.html: -5
[2023-03-28 11:07:45] CREATE basics/helloworld.html: 0
[2023-03-28 11:08:03] EDIT blog/views/basics/helloworld.html: 2
[2023-03-28 11:40:51] EDIT blog/controllers/basics.py: 5
[2023-03-28 11:42:14] EDIT blog/controllers/basics.py: 0
[2023-03-28 11:50:53] CREATE basics/request_args.html: 0
[2023-03-28 11:52:35] EDIT blog/views/basics/request_args.html: 2
[2023-03-28 11:53:12] EDIT blog/views/basics/request_args.html: 0
[2023-03-28 11:54:00] EDIT blog/views/basics/request_args.html: 0
[2023-03-28 11:58:08] EDIT blog/controllers/basics.py: 0
[2023-03-28 12:35:48] EDIT blog/controllers/basics.py: 9
[2023-03-28 12:36:36] CREATE basics/request_vars.html: 0
[2023-03-28 12:51:26] EDIT blog/views/basics/request_vars.html: 7
[2023-03-28 12:51:42] EDIT blog/views/basics/request_vars.html: 0
[2023-03-28 12:55:22] EDIT blog/views/basics/request_vars.html: 0
[2023-03-28 12:55:24] EDIT blog/views/basics/request_vars.html: 0
[2023-03-28 12:55:25] EDIT blog/views/basics/request_vars.html: 0
[2023-03-28 13:11:05] EDIT blog/views/basics/request_vars.html: 0
[2023-03-29 09:45:13] EDIT blog/views/basics/request_vars.html: 0
[2023-03-29 10:43:29] EDIT blog/controllers/basics.py: 0
[2023-03-29 11:29:46] EDIT blog/controllers/basics.py: 0
[2023-03-29 11:32:10] EDIT blog/views/basics/request_vars.html: 0
[2023-03-29 11:59:34] EDIT blog/views/basics/request_vars.html: 0
[2023-03-29 12:37:17] EDIT blog/views/basics/request_vars.html: -5
[2023-03-29 12:38:13] EDIT blog/views/basics/request_vars.html: 5
[2023-03-29 12:45:59] EDIT blog/controllers/basics.py: 1
[2023-03-29 12:51:26] EDIT blog/controllers/basics.py: 3
[2023-03-29 12:51:55] CREATE bascis/request_object.html: 0
[2023-03-29 12:53:33] EDIT blog/views/bascis/request_object.html: 3
[2023-03-29 12:55:11] DELETE blog/views/bascis/request_object.html: -6
[2023-03-29 12:55:36] CREATE basics/request_object.html: 0
[2023-03-29 13:15:22] EDIT blog/views/basics/request_object.html: 0
[2023-03-29 13:19:29] EDIT blog/controllers/basics.py: 7
[2023-03-29 13:30:01] EDIT blog/views/basics/request_object.html: 9
[2023-03-29 13:30:06] EDIT blog/views/basics/request_object.html: 0
[2023-03-29 13:31:25] EDIT blog/views/basics/request_object.html: 0
[2023-03-29 13:31:56] EDIT blog/controllers/basics.py: 0
[2023-03-29 13:32:14] EDIT blog/views/basics/request_object.html: 0
[2023-03-29 13:56:35] EDIT blog/models/db.py: 8
[2023-03-29 13:57:29] EDIT blog/models/db.py: 0
[2023-03-29 13:58:22] EDIT blog/models/db.py: 0
[2023-03-29 14:14:29] EDIT blog/models/db.py: 0
[2023-03-29 14:14:46] EDIT blog/models/db.py: 0
[2023-03-30 09:02:45] CREATE blog.py: 0
[2023-03-30 09:12:40] EDIT blog/controllers/blog.py: 6
[2023-03-30 09:14:52] EDIT blog/controllers/blog.py: 0
[2023-03-30 09:14:55] EDIT blog/controllers/blog.py: 0
[2023-03-30 09:15:51] EDIT blog/controllers/blog.py: 0
[2023-03-30 09:16:51] CREATE blog/post.html: 0
[2023-03-30 09:19:11] EDIT blog/views/blog/post.html: 0
[2023-03-30 09:23:56] EDIT blog/controllers/blog.py: 0
[2023-03-30 09:24:01] EDIT blog/models/db.py: 0
[2023-03-30 09:24:12] EDIT blog/views/blog/post.html: 0
[2023-03-30 09:24:59] EDIT blog/controllers/blog.py: 0
[2023-03-30 09:25:06] EDIT blog/views/blog/post.html: 0
[2023-03-30 09:30:41] EDIT blog/models/db.py: 0
[2023-03-30 09:30:45] EDIT blog/models/db.py: 0
[2023-03-30 09:32:51] EDIT blog/models/db.py: 0
[2023-03-30 09:43:06] CREATE blog/view.html: 0
[2023-03-30 10:22:06] EDIT blog/models/db.py: 0
[2023-03-30 10:33:20] EDIT blog/views/blog/view.html: 19
[2023-03-30 10:36:20] EDIT blog/views/blog/view.html: 0
[2023-03-30 10:46:06] EDIT blog/views/blog/view.html: 0
[2023-03-30 10:46:15] EDIT blog/views/blog/view.html: 0
[2023-03-30 10:49:01] EDIT blog/views/blog/view.html: 0
[2023-03-30 11:05:58] EDIT blog/views/blog/view.html: 0
[2023-03-30 11:07:39] EDIT blog/views/blog/view.html: 0
[2023-03-30 11:08:55] EDIT blog/views/blog/view.html: -1
[2023-03-30 11:09:38] EDIT blog/views/blog/view.html: 0
[2023-03-30 11:10:22] EDIT blog/views/blog/view.html: 0
[2023-03-30 11:10:37] EDIT blog/views/blog/view.html: 0
[2023-03-30 11:17:45] EDIT blog/views/blog/view.html: 1
[2023-03-30 11:31:44] EDIT blog/views/blog/view.html: 0
[2023-03-30 12:18:05] EDIT blog/controllers/blog.py: 0
[2023-03-30 12:18:16] EDIT blog/views/blog/view.html: 0
[2023-03-30 12:21:45] EDIT blog/views/blog/view.html: 0
[2023-03-30 12:27:13] EDIT blog/views/blog/view.html: 0
[2023-03-30 12:48:35] EDIT blog/views/blog/view.html: 0
[2023-03-30 12:49:30] EDIT blog/views/blog/view.html: 0
[2023-03-30 12:50:18] EDIT blog/views/blog/view.html: 0
[2023-03-30 13:20:56] EDIT blog/views/blog/view.html: 0
[2023-03-30 13:22:04] EDIT blog/views/blog/view.html: 0
[2023-03-30 13:23:18] EDIT blog/views/blog/view.html: -10
[2023-03-30 13:24:35] CREATE blog/view1.html: 0
[2023-03-30 13:33:54] EDIT blog/views/blog/view1.html: 0
[2023-03-30 13:39:48] DELETE blog/views/blog/view1.html: -19
[2023-03-30 13:45:41] CREATE blog/view1.html: 0
[2023-03-30 13:49:39] EDIT blog/views/blog/view1.html: 0
[2023-04-02 10:43:43] EDIT blog/controllers/blog.py: 7
[2023-04-02 10:57:07] EDIT blog/controllers/blog.py: 0
[2023-04-02 11:35:55] CREATE blog/update.html: 0
[2023-04-02 11:37:57] EDIT blog/views/blog/update.html: 0
[2023-04-02 11:38:27] EDIT blog/views/blog/update.html: 0
[2023-04-02 12:03:47] EDIT blog/controllers/blog.py: 0
[2023-04-02 12:08:40] EDIT blog/controllers/blog.py: 0
[2023-04-02 15:17:29] EDIT blog/views/blog/update.html: 0
[2023-04-02 15:17:31] EDIT blog/controllers/blog.py: 0
[2023-04-02 15:17:35] EDIT blog/views/blog/update.html: 0
[2023-04-02 15:18:49] EDIT blog/views/blog/update.html: 0
[2023-04-03 14:14:46] EDIT blog/models/db.py: 0
[2023-04-03 14:19:38] EDIT blog/models/db.py: 14
[2023-04-03 14:19:40] EDIT blog/models/db.py: 0
[2023-04-03 14:19:41] EDIT blog/models/db.py: 0
[2023-04-03 14:19:41] EDIT blog/models/db.py: 0
[2023-04-03 14:19:42] EDIT blog/models/db.py: 0
[2023-04-03 14:19:43] EDIT blog/models/db.py: 0
[2023-04-03 14:19:44] EDIT blog/models/db.py: 0
[2023-04-03 14:20:11] EDIT blog/models/db.py: 0
[2023-04-03 14:20:12] EDIT blog/models/db.py: 0
[2023-04-03 14:20:12] EDIT blog/models/db.py: 0
[2023-04-03 14:20:12] EDIT blog/models/db.py: 0
[2023-04-03 14:20:13] EDIT blog/models/db.py: 0
[2023-04-03 14:20:14] EDIT blog/models/db.py: 0
[2023-04-03 14:20:15] EDIT blog/models/db.py: 0
[2023-04-03 14:20:16] EDIT blog/models/db.py: 0
[2023-04-03 14:20:17] EDIT blog/models/db.py: 0
[2023-04-03 14:20:35] EDIT blog/models/db.py: 0
[2023-04-03 14:20:37] EDIT blog/models/db.py: 0
[2023-04-03 14:22:19] EDIT blog/models/db.py: 0
[2023-04-04 11:20:06] EDIT blog/models/db.py: 0
[2023-04-04 11:20:53] EDIT blog/models/db.py: 0
[2023-04-04 11:21:45] EDIT blog/models/db.py: 0
[2023-04-04 11:21:55] EDIT blog/models/db.py: 0
[2023-04-04 11:22:59] EDIT blog/models/db.py: 0
[2023-04-04 11:23:06] EDIT blog/models/db.py: 0
[2023-04-04 11:24:07] EDIT blog/models/db.py: 0
[2023-04-04 11:26:21] EDIT blog/models/db.py: 0
[2023-04-04 11:26:59] EDIT blog/models/db.py: 0
[2023-04-04 15:24:04] CREATE contacts.py: 0
[2023-04-04 15:24:17] DELETE blog/controllers/contacts.py: -1
[2023-04-04 15:24:30] CREATE contacts.py: 0
[2023-04-05 10:13:15] EDIT blog/controllers/contacts.py: 0
[2023-04-05 10:22:55] CREATE contacts/add.html: 0
[2023-04-05 10:24:05] EDIT blog/views/contacts/add.html: 0
[2023-04-05 10:37:52] EDIT blog/controllers/contacts.py: 0
[2023-04-05 10:40:31] CREATE contacts/view.html: 0
[2023-04-05 10:41:01] EDIT blog/views/contacts/view.html: 0
[2023-04-05 11:06:45] EDIT blog/views/contacts/view.html: 0
[2023-04-05 11:07:17] CREATE contacts/update.html: 0
[2023-04-05 11:11:56] EDIT blog/controllers/contacts.py: 0
[2023-04-05 11:16:26] EDIT blog/controllers/contacts.py: 0
[2023-04-05 11:16:45] EDIT blog/controllers/contacts.py: 0
[2023-04-05 11:17:46] EDIT blog/controllers/contacts.py: 0
[2023-04-05 11:19:15] EDIT blog/controllers/contacts.py: 0
[2023-04-05 11:33:11] EDIT blog/controllers/contacts.py: 0
[2023-04-05 11:37:45] EDIT blog/views/contacts/view.html: 0
[2023-04-06 10:06:34] CREATE session.py: 0
[2023-04-06 10:09:30] CREATE session/set.html: 0
[2023-04-06 10:10:18] CREATE session/view.html: 0
[2023-04-06 10:13:16] EDIT blog/controllers/session.py: 7
[2023-04-06 10:16:50] EDIT blog/views/session/view.html: 2
[2023-04-06 10:18:43] EDIT blog/views/session/view.html: 0
[2023-04-06 10:19:31] EDIT blog/views/session/set.html: -1
[2023-04-06 10:21:13] EDIT blog/views/session/view.html: 0
[2023-04-06 10:21:32] EDIT blog/views/session/view.html: 0
[2023-04-06 13:12:21] EDIT blog/models/db.py: 10
[2023-04-06 13:45:21] CREATE products.py: 0
[2023-04-06 14:07:41] EDIT blog/controllers/products.py: 0
[2023-04-06 14:08:27] EDIT blog/controllers/products.py: 1
[2023-04-06 14:13:36] EDIT blog/controllers/products.py: 0
[2023-04-06 14:14:03] EDIT blog/controllers/products.py: 0
[2023-04-06 14:32:26] CREATE products/admin_view.html: 0
[2023-04-06 14:47:05] EDIT blog/views/products/admin_view.html: 1
[2023-04-06 14:48:32] EDIT blog/views/products/admin_view.html: -1
[2023-04-06 14:49:27] EDIT blog/views/products/admin_view.html: 1
[2023-04-06 14:51:08] EDIT blog/views/products/admin_view.html: 1
